<?xml version="1.0" encoding="UTF-8"?>
<testsuite xmlns:xsi="http://www.w3.org/2001/XMLSchema-instance" xsi:noNamespaceSchemaLocation="https://maven.apache.org/surefire/maven-surefire-plugin/xsd/surefire-test-report.xsd" name="examples.ExamplesTest" time="11.454" tests="9" errors="0" skipped="0" failures="0">
  <properties>
[...]
</properties>
  <testcase name="testAll[1][1]" classname="examples.ExamplesTest" time="6.361"/>
  <testcase name="testAll[1][2]" classname="examples.ExamplesTest" time="0.42"/>
  <testcase name="testAll[1][3]" classname="examples.ExamplesTest" time="0.518"/>
  <testcase name="testAll[1][4]" classname="examples.ExamplesTest" time="0.454"/>
  <testcase name="testAll[1][5]" classname="examples.ExamplesTest" time="0.416"/>
  <testcase name="testAll[1][6]" classname="examples.ExamplesTest" time="0.37"/>
  <testcase name="testAll[1][7]" classname="examples.ExamplesTest" time="0.454"/>
  <testcase name="testAll[1][8]" classname="examples.ExamplesTest" time="0.437"/>
  <testcase name="testAll[1][9]" classname="examples.ExamplesTest" time="0.462"/>
</testsuite>